D:\Freelance\Peter\AzureFileUploader\Authorization\ClientApp\app\components\app\app.component.js
D:\Freelance\Peter\AzureFileUploader\Authorization\ClientApp\app\components\app\app.component.js.map
D:\Freelance\Peter\AzureFileUploader\Authorization\ClientApp\app\app.module.shared.js
D:\Freelance\Peter\AzureFileUploader\Authorization\ClientApp\app\app.module.shared.js.map
D:\Freelance\Peter\AzureFileUploader\Authorization\ClientApp\app\app.module.browser.js
D:\Freelance\Peter\AzureFileUploader\Authorization\ClientApp\app\app.module.browser.js.map
D:\Freelance\Peter\AzureFileUploader\Authorization\ClientApp\boot.browser.js
D:\Freelance\Peter\AzureFileUploader\Authorization\ClientApp\boot.browser.js.map
D:\Freelance\Peter\AzureFileUploader\Authorization\ClientApp\app\app.module.server.js
D:\Freelance\Peter\AzureFileUploader\Authorization\ClientApp\app\app.module.server.js.map
D:\Freelance\Peter\AzureFileUploader\Authorization\ClientApp\boot.server.js
D:\Freelance\Peter\AzureFileUploader\Authorization\ClientApp\boot.server.js.map
D:\Freelance\Peter\AzureFileUploader\Authorization\ClientApp\test\boot-tests.js
D:\Freelance\Peter\AzureFileUploader\Authorization\ClientApp\test\boot-tests.js.map
D:\Freelance\Peter\AzureFileUploader\Authorization\ClientApp\app\components\app\app.component.js
D:\Freelance\Peter\AzureFileUploader\Authorization\ClientApp\app\components\app\app.component.js.map
D:\Freelance\Peter\AzureFileUploader\Authorization\ClientApp\app\app.module.shared.js
D:\Freelance\Peter\AzureFileUploader\Authorization\ClientApp\app\app.module.shared.js.map
D:\Freelance\Peter\AzureFileUploader\Authorization\ClientApp\app\app.module.browser.js
D:\Freelance\Peter\AzureFileUploader\Authorization\ClientApp\app\app.module.browser.js.map
D:\Freelance\Peter\AzureFileUploader\Authorization\ClientApp\boot.browser.js
D:\Freelance\Peter\AzureFileUploader\Authorization\ClientApp\boot.browser.js.map
D:\Freelance\Peter\AzureFileUploader\Authorization\ClientApp\app\app.module.server.js
D:\Freelance\Peter\AzureFileUploader\Authorization\ClientApp\app\app.module.server.js.map
D:\Freelance\Peter\AzureFileUploader\Authorization\ClientApp\boot.server.js
D:\Freelance\Peter\AzureFileUploader\Authorization\ClientApp\boot.server.js.map
D:\Freelance\Peter\AzureFileUploader\Authorization\ClientApp\test\boot-tests.js
D:\Freelance\Peter\AzureFileUploader\Authorization\ClientApp\test\boot-tests.js.map
D:\Freelance\Peter\AzureFileUploader\Authorization\ClientApp\app\components\app\app.component.js
D:\Freelance\Peter\AzureFileUploader\Authorization\ClientApp\app\components\app\app.component.js.map
D:\Freelance\Peter\AzureFileUploader\Authorization\ClientApp\app\app.module.shared.js
D:\Freelance\Peter\AzureFileUploader\Authorization\ClientApp\app\app.module.shared.js.map
D:\Freelance\Peter\AzureFileUploader\Authorization\ClientApp\app\app.module.browser.js
D:\Freelance\Peter\AzureFileUploader\Authorization\ClientApp\app\app.module.browser.js.map
D:\Freelance\Peter\AzureFileUploader\Authorization\ClientApp\boot.browser.js
D:\Freelance\Peter\AzureFileUploader\Authorization\ClientApp\boot.browser.js.map
D:\Freelance\Peter\AzureFileUploader\Authorization\ClientApp\app\app.module.server.js
D:\Freelance\Peter\AzureFileUploader\Authorization\ClientApp\app\app.module.server.js.map
D:\Freelance\Peter\AzureFileUploader\Authorization\ClientApp\boot.server.js
D:\Freelance\Peter\AzureFileUploader\Authorization\ClientApp\boot.server.js.map
D:\Freelance\Peter\AzureFileUploader\Authorization\ClientApp\test\boot-tests.js
D:\Freelance\Peter\AzureFileUploader\Authorization\ClientApp\test\boot-tests.js.map
D:\Freelance\Peter\AzureFileUploader\Authorization\ClientApp\app\components\app\app.component.js
D:\Freelance\Peter\AzureFileUploader\Authorization\ClientApp\app\components\app\app.component.js.map
D:\Freelance\Peter\AzureFileUploader\Authorization\ClientApp\app\app.module.shared.js
D:\Freelance\Peter\AzureFileUploader\Authorization\ClientApp\app\app.module.shared.js.map
D:\Freelance\Peter\AzureFileUploader\Authorization\ClientApp\app\app.module.browser.js
D:\Freelance\Peter\AzureFileUploader\Authorization\ClientApp\app\app.module.browser.js.map
D:\Freelance\Peter\AzureFileUploader\Authorization\ClientApp\boot.browser.js
D:\Freelance\Peter\AzureFileUploader\Authorization\ClientApp\boot.browser.js.map
D:\Freelance\Peter\AzureFileUploader\Authorization\ClientApp\app\app.module.server.js
D:\Freelance\Peter\AzureFileUploader\Authorization\ClientApp\app\app.module.server.js.map
D:\Freelance\Peter\AzureFileUploader\Authorization\ClientApp\boot.server.js
D:\Freelance\Peter\AzureFileUploader\Authorization\ClientApp\boot.server.js.map
D:\Freelance\Peter\AzureFileUploader\Authorization\ClientApp\test\boot-tests.js
D:\Freelance\Peter\AzureFileUploader\Authorization\ClientApp\test\boot-tests.js.map
D:\Freelance\Peter\AzureFileUploader\Authorization\ClientApp\app\components\app\app.component.js
D:\Freelance\Peter\AzureFileUploader\Authorization\ClientApp\app\components\app\app.component.js.map
D:\Freelance\Peter\AzureFileUploader\Authorization\ClientApp\app\app.module.shared.js
D:\Freelance\Peter\AzureFileUploader\Authorization\ClientApp\app\app.module.shared.js.map
D:\Freelance\Peter\AzureFileUploader\Authorization\ClientApp\app\app.module.browser.js
D:\Freelance\Peter\AzureFileUploader\Authorization\ClientApp\app\app.module.browser.js.map
D:\Freelance\Peter\AzureFileUploader\Authorization\ClientApp\boot.browser.js
D:\Freelance\Peter\AzureFileUploader\Authorization\ClientApp\boot.browser.js.map
D:\Freelance\Peter\AzureFileUploader\Authorization\ClientApp\app\app.module.server.js
D:\Freelance\Peter\AzureFileUploader\Authorization\ClientApp\app\app.module.server.js.map
D:\Freelance\Peter\AzureFileUploader\Authorization\ClientApp\boot.server.js
D:\Freelance\Peter\AzureFileUploader\Authorization\ClientApp\boot.server.js.map
D:\Freelance\Peter\AzureFileUploader\Authorization\ClientApp\test\boot-tests.js
D:\Freelance\Peter\AzureFileUploader\Authorization\ClientApp\test\boot-tests.js.map
D:\Freelance\Peter\AzureFileUploader\Authorization\ClientApp\app\components\app\app.component.js
D:\Freelance\Peter\AzureFileUploader\Authorization\ClientApp\app\components\app\app.component.js.map
D:\Freelance\Peter\AzureFileUploader\Authorization\ClientApp\app\app.module.shared.js
D:\Freelance\Peter\AzureFileUploader\Authorization\ClientApp\app\app.module.shared.js.map
D:\Freelance\Peter\AzureFileUploader\Authorization\ClientApp\app\app.module.browser.js
D:\Freelance\Peter\AzureFileUploader\Authorization\ClientApp\app\app.module.browser.js.map
D:\Freelance\Peter\AzureFileUploader\Authorization\ClientApp\boot.browser.js
D:\Freelance\Peter\AzureFileUploader\Authorization\ClientApp\boot.browser.js.map
D:\Freelance\Peter\AzureFileUploader\Authorization\ClientApp\app\app.module.server.js
D:\Freelance\Peter\AzureFileUploader\Authorization\ClientApp\app\app.module.server.js.map
D:\Freelance\Peter\AzureFileUploader\Authorization\ClientApp\boot.server.js
D:\Freelance\Peter\AzureFileUploader\Authorization\ClientApp\boot.server.js.map
D:\Freelance\Peter\AzureFileUploader\Authorization\ClientApp\test\boot-tests.js
D:\Freelance\Peter\AzureFileUploader\Authorization\ClientApp\test\boot-tests.js.map
D:\Freelance\Peter\AzureFileUploader\Authorization\ClientApp\app\components\app\app.component.js
D:\Freelance\Peter\AzureFileUploader\Authorization\ClientApp\app\components\app\app.component.js.map
D:\Freelance\Peter\AzureFileUploader\Authorization\ClientApp\app\app.module.shared.js
D:\Freelance\Peter\AzureFileUploader\Authorization\ClientApp\app\app.module.shared.js.map
D:\Freelance\Peter\AzureFileUploader\Authorization\ClientApp\app\app.module.browser.js
D:\Freelance\Peter\AzureFileUploader\Authorization\ClientApp\app\app.module.browser.js.map
D:\Freelance\Peter\AzureFileUploader\Authorization\ClientApp\boot.browser.js
D:\Freelance\Peter\AzureFileUploader\Authorization\ClientApp\boot.browser.js.map
D:\Freelance\Peter\AzureFileUploader\Authorization\ClientApp\app\app.module.server.js
D:\Freelance\Peter\AzureFileUploader\Authorization\ClientApp\app\app.module.server.js.map
D:\Freelance\Peter\AzureFileUploader\Authorization\ClientApp\boot.server.js
D:\Freelance\Peter\AzureFileUploader\Authorization\ClientApp\boot.server.js.map
D:\Freelance\Peter\AzureFileUploader\Authorization\ClientApp\test\boot-tests.js
D:\Freelance\Peter\AzureFileUploader\Authorization\ClientApp\test\boot-tests.js.map
D:\Freelance\Peter\AzureFileUploader\Authorization\ClientApp\app\components\app\app.component.js
D:\Freelance\Peter\AzureFileUploader\Authorization\ClientApp\app\components\app\app.component.js.map
D:\Freelance\Peter\AzureFileUploader\Authorization\ClientApp\app\app.module.shared.js
D:\Freelance\Peter\AzureFileUploader\Authorization\ClientApp\app\app.module.shared.js.map
D:\Freelance\Peter\AzureFileUploader\Authorization\ClientApp\app\app.module.browser.js
D:\Freelance\Peter\AzureFileUploader\Authorization\ClientApp\app\app.module.browser.js.map
D:\Freelance\Peter\AzureFileUploader\Authorization\ClientApp\boot.browser.js
D:\Freelance\Peter\AzureFileUploader\Authorization\ClientApp\boot.browser.js.map
D:\Freelance\Peter\AzureFileUploader\Authorization\ClientApp\app\app.module.server.js
D:\Freelance\Peter\AzureFileUploader\Authorization\ClientApp\app\app.module.server.js.map
D:\Freelance\Peter\AzureFileUploader\Authorization\ClientApp\boot.server.js
D:\Freelance\Peter\AzureFileUploader\Authorization\ClientApp\boot.server.js.map
D:\Freelance\Peter\AzureFileUploader\Authorization\ClientApp\test\boot-tests.js
D:\Freelance\Peter\AzureFileUploader\Authorization\ClientApp\test\boot-tests.js.map
D:\Freelance\Peter\AzureFileUploader\AzureFileUploader\ClientApp\app\components\app\app.component.js
D:\Freelance\Peter\AzureFileUploader\AzureFileUploader\ClientApp\app\components\app\app.component.js.map
D:\Freelance\Peter\AzureFileUploader\AzureFileUploader\ClientApp\app\app.module.shared.js
D:\Freelance\Peter\AzureFileUploader\AzureFileUploader\ClientApp\app\app.module.shared.js.map
D:\Freelance\Peter\AzureFileUploader\AzureFileUploader\ClientApp\app\app.module.browser.js
D:\Freelance\Peter\AzureFileUploader\AzureFileUploader\ClientApp\app\app.module.browser.js.map
D:\Freelance\Peter\AzureFileUploader\AzureFileUploader\ClientApp\boot.browser.js
D:\Freelance\Peter\AzureFileUploader\AzureFileUploader\ClientApp\boot.browser.js.map
D:\Freelance\Peter\AzureFileUploader\AzureFileUploader\ClientApp\app\app.module.server.js
D:\Freelance\Peter\AzureFileUploader\AzureFileUploader\ClientApp\app\app.module.server.js.map
D:\Freelance\Peter\AzureFileUploader\AzureFileUploader\ClientApp\boot.server.js
D:\Freelance\Peter\AzureFileUploader\AzureFileUploader\ClientApp\boot.server.js.map
D:\Freelance\Peter\AzureFileUploader\AzureFileUploader\ClientApp\test\boot-tests.js
D:\Freelance\Peter\AzureFileUploader\AzureFileUploader\ClientApp\test\boot-tests.js.map
D:\Freelance\Peter\AzureFileUploader\AzureFileUploader\ClientApp\app\components\app\app.component.js
D:\Freelance\Peter\AzureFileUploader\AzureFileUploader\ClientApp\app\components\app\app.component.js.map
D:\Freelance\Peter\AzureFileUploader\AzureFileUploader\ClientApp\app\app.module.shared.js
D:\Freelance\Peter\AzureFileUploader\AzureFileUploader\ClientApp\app\app.module.shared.js.map
D:\Freelance\Peter\AzureFileUploader\AzureFileUploader\ClientApp\app\app.module.browser.js
D:\Freelance\Peter\AzureFileUploader\AzureFileUploader\ClientApp\app\app.module.browser.js.map
D:\Freelance\Peter\AzureFileUploader\AzureFileUploader\ClientApp\boot.browser.js
D:\Freelance\Peter\AzureFileUploader\AzureFileUploader\ClientApp\boot.browser.js.map
D:\Freelance\Peter\AzureFileUploader\AzureFileUploader\ClientApp\app\app.module.server.js
D:\Freelance\Peter\AzureFileUploader\AzureFileUploader\ClientApp\app\app.module.server.js.map
D:\Freelance\Peter\AzureFileUploader\AzureFileUploader\ClientApp\boot.server.js
D:\Freelance\Peter\AzureFileUploader\AzureFileUploader\ClientApp\boot.server.js.map
D:\Freelance\Peter\AzureFileUploader\AzureFileUploader\ClientApp\test\boot-tests.js
D:\Freelance\Peter\AzureFileUploader\AzureFileUploader\ClientApp\test\boot-tests.js.map
D:\Freelance\Peter\azureuploadfiles\AzureFileUploader\ClientApp\app\components\app\app.component.js
D:\Freelance\Peter\azureuploadfiles\AzureFileUploader\ClientApp\app\components\app\app.component.js.map
D:\Freelance\Peter\azureuploadfiles\AzureFileUploader\ClientApp\app\app.module.shared.js
D:\Freelance\Peter\azureuploadfiles\AzureFileUploader\ClientApp\app\app.module.shared.js.map
D:\Freelance\Peter\azureuploadfiles\AzureFileUploader\ClientApp\app\app.module.browser.js
D:\Freelance\Peter\azureuploadfiles\AzureFileUploader\ClientApp\app\app.module.browser.js.map
D:\Freelance\Peter\azureuploadfiles\AzureFileUploader\ClientApp\boot.browser.js
D:\Freelance\Peter\azureuploadfiles\AzureFileUploader\ClientApp\boot.browser.js.map
D:\Freelance\Peter\azureuploadfiles\AzureFileUploader\ClientApp\app\app.module.server.js
D:\Freelance\Peter\azureuploadfiles\AzureFileUploader\ClientApp\app\app.module.server.js.map
D:\Freelance\Peter\azureuploadfiles\AzureFileUploader\ClientApp\boot.server.js
D:\Freelance\Peter\azureuploadfiles\AzureFileUploader\ClientApp\boot.server.js.map
D:\Freelance\Peter\azureuploadfiles\AzureFileUploader\ClientApp\test\boot-tests.js
D:\Freelance\Peter\azureuploadfiles\AzureFileUploader\ClientApp\test\boot-tests.js.map
D:\Freelance\Peter\azureuploadfiles\AzureFileUploader\ClientApp\app\components\app\app.component.js
D:\Freelance\Peter\azureuploadfiles\AzureFileUploader\ClientApp\app\components\app\app.component.js.map
D:\Freelance\Peter\azureuploadfiles\AzureFileUploader\ClientApp\app\app.module.shared.js
D:\Freelance\Peter\azureuploadfiles\AzureFileUploader\ClientApp\app\app.module.shared.js.map
D:\Freelance\Peter\azureuploadfiles\AzureFileUploader\ClientApp\app\app.module.browser.js
D:\Freelance\Peter\azureuploadfiles\AzureFileUploader\ClientApp\app\app.module.browser.js.map
D:\Freelance\Peter\azureuploadfiles\AzureFileUploader\ClientApp\boot.browser.js
D:\Freelance\Peter\azureuploadfiles\AzureFileUploader\ClientApp\boot.browser.js.map
D:\Freelance\Peter\azureuploadfiles\AzureFileUploader\ClientApp\app\app.module.server.js
D:\Freelance\Peter\azureuploadfiles\AzureFileUploader\ClientApp\app\app.module.server.js.map
D:\Freelance\Peter\azureuploadfiles\AzureFileUploader\ClientApp\boot.server.js
D:\Freelance\Peter\azureuploadfiles\AzureFileUploader\ClientApp\boot.server.js.map
D:\Freelance\Peter\azureuploadfiles\AzureFileUploader\ClientApp\test\boot-tests.js
D:\Freelance\Peter\azureuploadfiles\AzureFileUploader\ClientApp\test\boot-tests.js.map
D:\Freelance\Peter\azureuploadfiles\AzureFileUploader\ClientApp\app\components\app\app.component.js
D:\Freelance\Peter\azureuploadfiles\AzureFileUploader\ClientApp\app\components\app\app.component.js.map
D:\Freelance\Peter\azureuploadfiles\AzureFileUploader\ClientApp\app\app.module.shared.js
D:\Freelance\Peter\azureuploadfiles\AzureFileUploader\ClientApp\app\app.module.shared.js.map
D:\Freelance\Peter\azureuploadfiles\AzureFileUploader\ClientApp\app\app.module.browser.js
D:\Freelance\Peter\azureuploadfiles\AzureFileUploader\ClientApp\app\app.module.browser.js.map
D:\Freelance\Peter\azureuploadfiles\AzureFileUploader\ClientApp\boot.browser.js
D:\Freelance\Peter\azureuploadfiles\AzureFileUploader\ClientApp\boot.browser.js.map
D:\Freelance\Peter\azureuploadfiles\AzureFileUploader\ClientApp\app\app.module.server.js
D:\Freelance\Peter\azureuploadfiles\AzureFileUploader\ClientApp\app\app.module.server.js.map
D:\Freelance\Peter\azureuploadfiles\AzureFileUploader\ClientApp\boot.server.js
D:\Freelance\Peter\azureuploadfiles\AzureFileUploader\ClientApp\boot.server.js.map
D:\Freelance\Peter\azureuploadfiles\AzureFileUploader\ClientApp\test\boot-tests.js
D:\Freelance\Peter\azureuploadfiles\AzureFileUploader\ClientApp\test\boot-tests.js.map
D:\Freelance\Peter\azureuploadfiles\AzureFileUploader\ClientApp\app\components\app\app.component.js
D:\Freelance\Peter\azureuploadfiles\AzureFileUploader\ClientApp\app\components\app\app.component.js.map
D:\Freelance\Peter\azureuploadfiles\AzureFileUploader\ClientApp\app\app.module.shared.js
D:\Freelance\Peter\azureuploadfiles\AzureFileUploader\ClientApp\app\app.module.shared.js.map
D:\Freelance\Peter\azureuploadfiles\AzureFileUploader\ClientApp\app\app.module.browser.js
D:\Freelance\Peter\azureuploadfiles\AzureFileUploader\ClientApp\app\app.module.browser.js.map
D:\Freelance\Peter\azureuploadfiles\AzureFileUploader\ClientApp\boot.browser.js
D:\Freelance\Peter\azureuploadfiles\AzureFileUploader\ClientApp\boot.browser.js.map
D:\Freelance\Peter\azureuploadfiles\AzureFileUploader\ClientApp\app\app.module.server.js
D:\Freelance\Peter\azureuploadfiles\AzureFileUploader\ClientApp\app\app.module.server.js.map
D:\Freelance\Peter\azureuploadfiles\AzureFileUploader\ClientApp\boot.server.js
D:\Freelance\Peter\azureuploadfiles\AzureFileUploader\ClientApp\boot.server.js.map
D:\Freelance\Peter\azureuploadfiles\AzureFileUploader\ClientApp\test\boot-tests.js
D:\Freelance\Peter\azureuploadfiles\AzureFileUploader\ClientApp\test\boot-tests.js.map
D:\Freelance\Peter\azureuploadfiles\AzureFileUploader\ClientApp\app\components\app\app.component.js
D:\Freelance\Peter\azureuploadfiles\AzureFileUploader\ClientApp\app\components\app\app.component.js.map
D:\Freelance\Peter\azureuploadfiles\AzureFileUploader\ClientApp\app\app.module.shared.js
D:\Freelance\Peter\azureuploadfiles\AzureFileUploader\ClientApp\app\app.module.shared.js.map
D:\Freelance\Peter\azureuploadfiles\AzureFileUploader\ClientApp\app\app.module.browser.js
D:\Freelance\Peter\azureuploadfiles\AzureFileUploader\ClientApp\app\app.module.browser.js.map
D:\Freelance\Peter\azureuploadfiles\AzureFileUploader\ClientApp\boot.browser.js
D:\Freelance\Peter\azureuploadfiles\AzureFileUploader\ClientApp\boot.browser.js.map
D:\Freelance\Peter\azureuploadfiles\AzureFileUploader\ClientApp\app\app.module.server.js
D:\Freelance\Peter\azureuploadfiles\AzureFileUploader\ClientApp\app\app.module.server.js.map
D:\Freelance\Peter\azureuploadfiles\AzureFileUploader\ClientApp\boot.server.js
D:\Freelance\Peter\azureuploadfiles\AzureFileUploader\ClientApp\boot.server.js.map
D:\Freelance\Peter\azureuploadfiles\AzureFileUploader\ClientApp\test\boot-tests.js
D:\Freelance\Peter\azureuploadfiles\AzureFileUploader\ClientApp\test\boot-tests.js.map
D:\Freelance\Peter\azureuploadfiles\AzureFileUploader\ClientApp\app\components\app\app.component.js
D:\Freelance\Peter\azureuploadfiles\AzureFileUploader\ClientApp\app\components\app\app.component.js.map
D:\Freelance\Peter\azureuploadfiles\AzureFileUploader\ClientApp\app\app.module.shared.js
D:\Freelance\Peter\azureuploadfiles\AzureFileUploader\ClientApp\app\app.module.shared.js.map
D:\Freelance\Peter\azureuploadfiles\AzureFileUploader\ClientApp\app\app.module.browser.js
D:\Freelance\Peter\azureuploadfiles\AzureFileUploader\ClientApp\app\app.module.browser.js.map
D:\Freelance\Peter\azureuploadfiles\AzureFileUploader\ClientApp\boot.browser.js
D:\Freelance\Peter\azureuploadfiles\AzureFileUploader\ClientApp\boot.browser.js.map
D:\Freelance\Peter\azureuploadfiles\AzureFileUploader\ClientApp\app\app.module.server.js
D:\Freelance\Peter\azureuploadfiles\AzureFileUploader\ClientApp\app\app.module.server.js.map
D:\Freelance\Peter\azureuploadfiles\AzureFileUploader\ClientApp\boot.server.js
D:\Freelance\Peter\azureuploadfiles\AzureFileUploader\ClientApp\boot.server.js.map
D:\Freelance\Peter\azureuploadfiles\AzureFileUploader\ClientApp\test\boot-tests.js
D:\Freelance\Peter\azureuploadfiles\AzureFileUploader\ClientApp\test\boot-tests.js.map
D:\Freelance\Peter\azureuploadfiles\AzureFileUploader\ClientApp\app\components\app\app.component.js
D:\Freelance\Peter\azureuploadfiles\AzureFileUploader\ClientApp\app\components\app\app.component.js.map
D:\Freelance\Peter\azureuploadfiles\AzureFileUploader\ClientApp\app\app.module.shared.js
D:\Freelance\Peter\azureuploadfiles\AzureFileUploader\ClientApp\app\app.module.shared.js.map
D:\Freelance\Peter\azureuploadfiles\AzureFileUploader\ClientApp\app\app.module.browser.js
D:\Freelance\Peter\azureuploadfiles\AzureFileUploader\ClientApp\app\app.module.browser.js.map
D:\Freelance\Peter\azureuploadfiles\AzureFileUploader\ClientApp\boot.browser.js
D:\Freelance\Peter\azureuploadfiles\AzureFileUploader\ClientApp\boot.browser.js.map
D:\Freelance\Peter\azureuploadfiles\AzureFileUploader\ClientApp\app\app.module.server.js
D:\Freelance\Peter\azureuploadfiles\AzureFileUploader\ClientApp\app\app.module.server.js.map
D:\Freelance\Peter\azureuploadfiles\AzureFileUploader\ClientApp\boot.server.js
D:\Freelance\Peter\azureuploadfiles\AzureFileUploader\ClientApp\boot.server.js.map
D:\Freelance\Peter\azureuploadfiles\AzureFileUploader\ClientApp\test\boot-tests.js
D:\Freelance\Peter\azureuploadfiles\AzureFileUploader\ClientApp\test\boot-tests.js.map
D:\Freelance\Peter\azureuploadfiles\AzureFileUploader\ClientApp\app\components\app\app.component.js
D:\Freelance\Peter\azureuploadfiles\AzureFileUploader\ClientApp\app\components\app\app.component.js.map
D:\Freelance\Peter\azureuploadfiles\AzureFileUploader\ClientApp\app\app.module.shared.js
D:\Freelance\Peter\azureuploadfiles\AzureFileUploader\ClientApp\app\app.module.shared.js.map
D:\Freelance\Peter\azureuploadfiles\AzureFileUploader\ClientApp\app\app.module.browser.js
D:\Freelance\Peter\azureuploadfiles\AzureFileUploader\ClientApp\app\app.module.browser.js.map
D:\Freelance\Peter\azureuploadfiles\AzureFileUploader\ClientApp\boot.browser.js
D:\Freelance\Peter\azureuploadfiles\AzureFileUploader\ClientApp\boot.browser.js.map
D:\Freelance\Peter\azureuploadfiles\AzureFileUploader\ClientApp\app\app.module.server.js
D:\Freelance\Peter\azureuploadfiles\AzureFileUploader\ClientApp\app\app.module.server.js.map
D:\Freelance\Peter\azureuploadfiles\AzureFileUploader\ClientApp\boot.server.js
D:\Freelance\Peter\azureuploadfiles\AzureFileUploader\ClientApp\boot.server.js.map
D:\Freelance\Peter\azureuploadfiles\AzureFileUploader\ClientApp\test\boot-tests.js
D:\Freelance\Peter\azureuploadfiles\AzureFileUploader\ClientApp\test\boot-tests.js.map
D:\Freelance\Peter\azureuploadfiles\AzureFileUploader\ClientApp\app\components\app\app.component.js
D:\Freelance\Peter\azureuploadfiles\AzureFileUploader\ClientApp\app\components\app\app.component.js.map
D:\Freelance\Peter\azureuploadfiles\AzureFileUploader\ClientApp\app\app.module.shared.js
D:\Freelance\Peter\azureuploadfiles\AzureFileUploader\ClientApp\app\app.module.shared.js.map
D:\Freelance\Peter\azureuploadfiles\AzureFileUploader\ClientApp\app\app.module.browser.js
D:\Freelance\Peter\azureuploadfiles\AzureFileUploader\ClientApp\app\app.module.browser.js.map
D:\Freelance\Peter\azureuploadfiles\AzureFileUploader\ClientApp\boot.browser.js
D:\Freelance\Peter\azureuploadfiles\AzureFileUploader\ClientApp\boot.browser.js.map
D:\Freelance\Peter\azureuploadfiles\AzureFileUploader\ClientApp\app\app.module.server.js
D:\Freelance\Peter\azureuploadfiles\AzureFileUploader\ClientApp\app\app.module.server.js.map
D:\Freelance\Peter\azureuploadfiles\AzureFileUploader\ClientApp\boot.server.js
D:\Freelance\Peter\azureuploadfiles\AzureFileUploader\ClientApp\boot.server.js.map
D:\Freelance\Peter\azureuploadfiles\AzureFileUploader\ClientApp\test\boot-tests.js
D:\Freelance\Peter\azureuploadfiles\AzureFileUploader\ClientApp\test\boot-tests.js.map
D:\Freelance\Peter\azureuploadfiles\AzureFileUploader\ClientApp\app\components\app\app.component.js
D:\Freelance\Peter\azureuploadfiles\AzureFileUploader\ClientApp\app\components\app\app.component.js.map
D:\Freelance\Peter\azureuploadfiles\AzureFileUploader\ClientApp\app\app.module.shared.js
D:\Freelance\Peter\azureuploadfiles\AzureFileUploader\ClientApp\app\app.module.shared.js.map
D:\Freelance\Peter\azureuploadfiles\AzureFileUploader\ClientApp\app\app.module.browser.js
D:\Freelance\Peter\azureuploadfiles\AzureFileUploader\ClientApp\app\app.module.browser.js.map
D:\Freelance\Peter\azureuploadfiles\AzureFileUploader\ClientApp\boot.browser.js
D:\Freelance\Peter\azureuploadfiles\AzureFileUploader\ClientApp\boot.browser.js.map
D:\Freelance\Peter\azureuploadfiles\AzureFileUploader\ClientApp\app\app.module.server.js
D:\Freelance\Peter\azureuploadfiles\AzureFileUploader\ClientApp\app\app.module.server.js.map
D:\Freelance\Peter\azureuploadfiles\AzureFileUploader\ClientApp\boot.server.js
D:\Freelance\Peter\azureuploadfiles\AzureFileUploader\ClientApp\boot.server.js.map
D:\Freelance\Peter\azureuploadfiles\AzureFileUploader\ClientApp\test\boot-tests.js
D:\Freelance\Peter\azureuploadfiles\AzureFileUploader\ClientApp\test\boot-tests.js.map
D:\Freelance\Peter\azureuploadfiles\AzureFileUploader\ClientApp\app\components\app\app.component.js
D:\Freelance\Peter\azureuploadfiles\AzureFileUploader\ClientApp\app\components\app\app.component.js.map
D:\Freelance\Peter\azureuploadfiles\AzureFileUploader\ClientApp\app\app.module.shared.js
D:\Freelance\Peter\azureuploadfiles\AzureFileUploader\ClientApp\app\app.module.shared.js.map
D:\Freelance\Peter\azureuploadfiles\AzureFileUploader\ClientApp\app\app.module.browser.js
D:\Freelance\Peter\azureuploadfiles\AzureFileUploader\ClientApp\app\app.module.browser.js.map
D:\Freelance\Peter\azureuploadfiles\AzureFileUploader\ClientApp\boot.browser.js
D:\Freelance\Peter\azureuploadfiles\AzureFileUploader\ClientApp\boot.browser.js.map
D:\Freelance\Peter\azureuploadfiles\AzureFileUploader\ClientApp\app\app.module.server.js
D:\Freelance\Peter\azureuploadfiles\AzureFileUploader\ClientApp\app\app.module.server.js.map
D:\Freelance\Peter\azureuploadfiles\AzureFileUploader\ClientApp\boot.server.js
D:\Freelance\Peter\azureuploadfiles\AzureFileUploader\ClientApp\boot.server.js.map
D:\Freelance\Peter\azureuploadfiles\AzureFileUploader\ClientApp\test\boot-tests.js
D:\Freelance\Peter\azureuploadfiles\AzureFileUploader\ClientApp\test\boot-tests.js.map
D:\Freelance\Peter\azureuploadfiles\AzureFileUploader\ClientApp\app\components\app\app.component.js
D:\Freelance\Peter\azureuploadfiles\AzureFileUploader\ClientApp\app\components\app\app.component.js.map
D:\Freelance\Peter\azureuploadfiles\AzureFileUploader\ClientApp\app\app.module.shared.js
D:\Freelance\Peter\azureuploadfiles\AzureFileUploader\ClientApp\app\app.module.shared.js.map
D:\Freelance\Peter\azureuploadfiles\AzureFileUploader\ClientApp\app\app.module.browser.js
D:\Freelance\Peter\azureuploadfiles\AzureFileUploader\ClientApp\app\app.module.browser.js.map
D:\Freelance\Peter\azureuploadfiles\AzureFileUploader\ClientApp\boot.browser.js
D:\Freelance\Peter\azureuploadfiles\AzureFileUploader\ClientApp\boot.browser.js.map
D:\Freelance\Peter\azureuploadfiles\AzureFileUploader\ClientApp\app\app.module.server.js
D:\Freelance\Peter\azureuploadfiles\AzureFileUploader\ClientApp\app\app.module.server.js.map
D:\Freelance\Peter\azureuploadfiles\AzureFileUploader\ClientApp\boot.server.js
D:\Freelance\Peter\azureuploadfiles\AzureFileUploader\ClientApp\boot.server.js.map
D:\Freelance\Peter\azureuploadfiles\AzureFileUploader\ClientApp\test\boot-tests.js
D:\Freelance\Peter\azureuploadfiles\AzureFileUploader\ClientApp\test\boot-tests.js.map
D:\Freelance\Peter\azureuploadfiles\AzureFileUploader\ClientApp\app\components\app\app.component.js
D:\Freelance\Peter\azureuploadfiles\AzureFileUploader\ClientApp\app\components\app\app.component.js.map
D:\Freelance\Peter\azureuploadfiles\AzureFileUploader\ClientApp\app\app.module.shared.js
D:\Freelance\Peter\azureuploadfiles\AzureFileUploader\ClientApp\app\app.module.shared.js.map
D:\Freelance\Peter\azureuploadfiles\AzureFileUploader\ClientApp\app\app.module.browser.js
D:\Freelance\Peter\azureuploadfiles\AzureFileUploader\ClientApp\app\app.module.browser.js.map
D:\Freelance\Peter\azureuploadfiles\AzureFileUploader\ClientApp\boot.browser.js
D:\Freelance\Peter\azureuploadfiles\AzureFileUploader\ClientApp\boot.browser.js.map
D:\Freelance\Peter\azureuploadfiles\AzureFileUploader\ClientApp\app\app.module.server.js
D:\Freelance\Peter\azureuploadfiles\AzureFileUploader\ClientApp\app\app.module.server.js.map
D:\Freelance\Peter\azureuploadfiles\AzureFileUploader\ClientApp\boot.server.js
D:\Freelance\Peter\azureuploadfiles\AzureFileUploader\ClientApp\boot.server.js.map
D:\Freelance\Peter\azureuploadfiles\AzureFileUploader\ClientApp\test\boot-tests.js
D:\Freelance\Peter\azureuploadfiles\AzureFileUploader\ClientApp\test\boot-tests.js.map
D:\Freelance\Peter\azureuploadfiles\AzureFileUploader\ClientApp\app\components\app\app.component.js
D:\Freelance\Peter\azureuploadfiles\AzureFileUploader\ClientApp\app\components\app\app.component.js.map
D:\Freelance\Peter\azureuploadfiles\AzureFileUploader\ClientApp\app\app.module.shared.js
D:\Freelance\Peter\azureuploadfiles\AzureFileUploader\ClientApp\app\app.module.shared.js.map
D:\Freelance\Peter\azureuploadfiles\AzureFileUploader\ClientApp\app\app.module.browser.js
D:\Freelance\Peter\azureuploadfiles\AzureFileUploader\ClientApp\app\app.module.browser.js.map
D:\Freelance\Peter\azureuploadfiles\AzureFileUploader\ClientApp\boot.browser.js
D:\Freelance\Peter\azureuploadfiles\AzureFileUploader\ClientApp\boot.browser.js.map
D:\Freelance\Peter\azureuploadfiles\AzureFileUploader\ClientApp\app\app.module.server.js
D:\Freelance\Peter\azureuploadfiles\AzureFileUploader\ClientApp\app\app.module.server.js.map
D:\Freelance\Peter\azureuploadfiles\AzureFileUploader\ClientApp\boot.server.js
D:\Freelance\Peter\azureuploadfiles\AzureFileUploader\ClientApp\boot.server.js.map
D:\Freelance\Peter\azureuploadfiles\AzureFileUploader\ClientApp\test\boot-tests.js
D:\Freelance\Peter\azureuploadfiles\AzureFileUploader\ClientApp\test\boot-tests.js.map
D:\Freelance\Peter\azureuploadfiles\AzureFileUploader\ClientApp\app\components\app\app.component.js
D:\Freelance\Peter\azureuploadfiles\AzureFileUploader\ClientApp\app\components\app\app.component.js.map
D:\Freelance\Peter\azureuploadfiles\AzureFileUploader\ClientApp\app\app.module.shared.js
D:\Freelance\Peter\azureuploadfiles\AzureFileUploader\ClientApp\app\app.module.shared.js.map
D:\Freelance\Peter\azureuploadfiles\AzureFileUploader\ClientApp\app\app.module.browser.js
D:\Freelance\Peter\azureuploadfiles\AzureFileUploader\ClientApp\app\app.module.browser.js.map
D:\Freelance\Peter\azureuploadfiles\AzureFileUploader\ClientApp\boot.browser.js
D:\Freelance\Peter\azureuploadfiles\AzureFileUploader\ClientApp\boot.browser.js.map
D:\Freelance\Peter\azureuploadfiles\AzureFileUploader\ClientApp\app\app.module.server.js
D:\Freelance\Peter\azureuploadfiles\AzureFileUploader\ClientApp\app\app.module.server.js.map
D:\Freelance\Peter\azureuploadfiles\AzureFileUploader\ClientApp\boot.server.js
D:\Freelance\Peter\azureuploadfiles\AzureFileUploader\ClientApp\boot.server.js.map
D:\Freelance\Peter\azureuploadfiles\AzureFileUploader\ClientApp\test\boot-tests.js
D:\Freelance\Peter\azureuploadfiles\AzureFileUploader\ClientApp\test\boot-tests.js.map
D:\Freelance\Peter\azureuploadfiles\AzureFileUploader\ClientApp\app\components\app\app.component.js
D:\Freelance\Peter\azureuploadfiles\AzureFileUploader\ClientApp\app\components\app\app.component.js.map
D:\Freelance\Peter\azureuploadfiles\AzureFileUploader\ClientApp\app\app.module.shared.js
D:\Freelance\Peter\azureuploadfiles\AzureFileUploader\ClientApp\app\app.module.shared.js.map
D:\Freelance\Peter\azureuploadfiles\AzureFileUploader\ClientApp\app\app.module.browser.js
D:\Freelance\Peter\azureuploadfiles\AzureFileUploader\ClientApp\app\app.module.browser.js.map
D:\Freelance\Peter\azureuploadfiles\AzureFileUploader\ClientApp\boot.browser.js
D:\Freelance\Peter\azureuploadfiles\AzureFileUploader\ClientApp\boot.browser.js.map
D:\Freelance\Peter\azureuploadfiles\AzureFileUploader\ClientApp\app\app.module.server.js
D:\Freelance\Peter\azureuploadfiles\AzureFileUploader\ClientApp\app\app.module.server.js.map
D:\Freelance\Peter\azureuploadfiles\AzureFileUploader\ClientApp\boot.server.js
D:\Freelance\Peter\azureuploadfiles\AzureFileUploader\ClientApp\boot.server.js.map
D:\Freelance\Peter\azureuploadfiles\AzureFileUploader\ClientApp\test\boot-tests.js
D:\Freelance\Peter\azureuploadfiles\AzureFileUploader\ClientApp\test\boot-tests.js.map
D:\Freelance\Peter\azureuploadfiles\AzureFileUploader\ClientApp\app\components\app\app.component.js
D:\Freelance\Peter\azureuploadfiles\AzureFileUploader\ClientApp\app\components\app\app.component.js.map
D:\Freelance\Peter\azureuploadfiles\AzureFileUploader\ClientApp\app\app.module.shared.js
D:\Freelance\Peter\azureuploadfiles\AzureFileUploader\ClientApp\app\app.module.shared.js.map
D:\Freelance\Peter\azureuploadfiles\AzureFileUploader\ClientApp\app\app.module.browser.js
D:\Freelance\Peter\azureuploadfiles\AzureFileUploader\ClientApp\app\app.module.browser.js.map
D:\Freelance\Peter\azureuploadfiles\AzureFileUploader\ClientApp\boot.browser.js
D:\Freelance\Peter\azureuploadfiles\AzureFileUploader\ClientApp\boot.browser.js.map
D:\Freelance\Peter\azureuploadfiles\AzureFileUploader\ClientApp\app\app.module.server.js
D:\Freelance\Peter\azureuploadfiles\AzureFileUploader\ClientApp\app\app.module.server.js.map
D:\Freelance\Peter\azureuploadfiles\AzureFileUploader\ClientApp\boot.server.js
D:\Freelance\Peter\azureuploadfiles\AzureFileUploader\ClientApp\boot.server.js.map
D:\Freelance\Peter\azureuploadfiles\AzureFileUploader\ClientApp\test\boot-tests.js
D:\Freelance\Peter\azureuploadfiles\AzureFileUploader\ClientApp\test\boot-tests.js.map
D:\Freelance\Peter\azureuploadfiles\AzureFileUploader\ClientApp\app\components\app\app.component.js
D:\Freelance\Peter\azureuploadfiles\AzureFileUploader\ClientApp\app\components\app\app.component.js.map
D:\Freelance\Peter\azureuploadfiles\AzureFileUploader\ClientApp\app\app.module.shared.js
D:\Freelance\Peter\azureuploadfiles\AzureFileUploader\ClientApp\app\app.module.shared.js.map
D:\Freelance\Peter\azureuploadfiles\AzureFileUploader\ClientApp\app\app.module.browser.js
D:\Freelance\Peter\azureuploadfiles\AzureFileUploader\ClientApp\app\app.module.browser.js.map
D:\Freelance\Peter\azureuploadfiles\AzureFileUploader\ClientApp\boot.browser.js
D:\Freelance\Peter\azureuploadfiles\AzureFileUploader\ClientApp\boot.browser.js.map
D:\Freelance\Peter\azureuploadfiles\AzureFileUploader\ClientApp\app\app.module.server.js
D:\Freelance\Peter\azureuploadfiles\AzureFileUploader\ClientApp\app\app.module.server.js.map
D:\Freelance\Peter\azureuploadfiles\AzureFileUploader\ClientApp\boot.server.js
D:\Freelance\Peter\azureuploadfiles\AzureFileUploader\ClientApp\boot.server.js.map
D:\Freelance\Peter\azureuploadfiles\AzureFileUploader\ClientApp\test\boot-tests.js
D:\Freelance\Peter\azureuploadfiles\AzureFileUploader\ClientApp\test\boot-tests.js.map
D:\Freelance\Peter\azureuploadfiles\AzureFileUploader\ClientApp\app\components\app\app.component.js
D:\Freelance\Peter\azureuploadfiles\AzureFileUploader\ClientApp\app\components\app\app.component.js.map
D:\Freelance\Peter\azureuploadfiles\AzureFileUploader\ClientApp\app\app.module.shared.js
D:\Freelance\Peter\azureuploadfiles\AzureFileUploader\ClientApp\app\app.module.shared.js.map
D:\Freelance\Peter\azureuploadfiles\AzureFileUploader\ClientApp\app\app.module.browser.js
D:\Freelance\Peter\azureuploadfiles\AzureFileUploader\ClientApp\app\app.module.browser.js.map
D:\Freelance\Peter\azureuploadfiles\AzureFileUploader\ClientApp\boot.browser.js
D:\Freelance\Peter\azureuploadfiles\AzureFileUploader\ClientApp\boot.browser.js.map
D:\Freelance\Peter\azureuploadfiles\AzureFileUploader\ClientApp\app\app.module.server.js
D:\Freelance\Peter\azureuploadfiles\AzureFileUploader\ClientApp\app\app.module.server.js.map
D:\Freelance\Peter\azureuploadfiles\AzureFileUploader\ClientApp\boot.server.js
D:\Freelance\Peter\azureuploadfiles\AzureFileUploader\ClientApp\boot.server.js.map
D:\Freelance\Peter\azureuploadfiles\AzureFileUploader\ClientApp\test\boot-tests.js
D:\Freelance\Peter\azureuploadfiles\AzureFileUploader\ClientApp\test\boot-tests.js.map
D:\Freelance\Peter\azureuploadfiles\AzureFileUploader\ClientApp\app\components\app\app.component.js
D:\Freelance\Peter\azureuploadfiles\AzureFileUploader\ClientApp\app\components\app\app.component.js.map
D:\Freelance\Peter\azureuploadfiles\AzureFileUploader\ClientApp\app\app.module.shared.js
D:\Freelance\Peter\azureuploadfiles\AzureFileUploader\ClientApp\app\app.module.shared.js.map
D:\Freelance\Peter\azureuploadfiles\AzureFileUploader\ClientApp\app\app.module.browser.js
D:\Freelance\Peter\azureuploadfiles\AzureFileUploader\ClientApp\app\app.module.browser.js.map
D:\Freelance\Peter\azureuploadfiles\AzureFileUploader\ClientApp\boot.browser.js
D:\Freelance\Peter\azureuploadfiles\AzureFileUploader\ClientApp\boot.browser.js.map
D:\Freelance\Peter\azureuploadfiles\AzureFileUploader\ClientApp\app\app.module.server.js
D:\Freelance\Peter\azureuploadfiles\AzureFileUploader\ClientApp\app\app.module.server.js.map
D:\Freelance\Peter\azureuploadfiles\AzureFileUploader\ClientApp\boot.server.js
D:\Freelance\Peter\azureuploadfiles\AzureFileUploader\ClientApp\boot.server.js.map
D:\Freelance\Peter\azureuploadfiles\AzureFileUploader\ClientApp\test\boot-tests.js
D:\Freelance\Peter\azureuploadfiles\AzureFileUploader\ClientApp\test\boot-tests.js.map
D:\Freelance\Peter\azureuploadfiles\AzureFileUploader\ClientApp\app\components\app\app.component.js
D:\Freelance\Peter\azureuploadfiles\AzureFileUploader\ClientApp\app\components\app\app.component.js.map
D:\Freelance\Peter\azureuploadfiles\AzureFileUploader\ClientApp\app\app.module.shared.js
D:\Freelance\Peter\azureuploadfiles\AzureFileUploader\ClientApp\app\app.module.shared.js.map
D:\Freelance\Peter\azureuploadfiles\AzureFileUploader\ClientApp\app\app.module.browser.js
D:\Freelance\Peter\azureuploadfiles\AzureFileUploader\ClientApp\app\app.module.browser.js.map
D:\Freelance\Peter\azureuploadfiles\AzureFileUploader\ClientApp\boot.browser.js
D:\Freelance\Peter\azureuploadfiles\AzureFileUploader\ClientApp\boot.browser.js.map
D:\Freelance\Peter\azureuploadfiles\AzureFileUploader\ClientApp\app\app.module.server.js
D:\Freelance\Peter\azureuploadfiles\AzureFileUploader\ClientApp\app\app.module.server.js.map
D:\Freelance\Peter\azureuploadfiles\AzureFileUploader\ClientApp\boot.server.js
D:\Freelance\Peter\azureuploadfiles\AzureFileUploader\ClientApp\boot.server.js.map
D:\Freelance\Peter\azureuploadfiles\AzureFileUploader\ClientApp\test\boot-tests.js
D:\Freelance\Peter\azureuploadfiles\AzureFileUploader\ClientApp\test\boot-tests.js.map
D:\Freelance\Peter\azureuploadfiles\AzureFileUploader\ClientApp\app\components\app\app.component.js
D:\Freelance\Peter\azureuploadfiles\AzureFileUploader\ClientApp\app\components\app\app.component.js.map
D:\Freelance\Peter\azureuploadfiles\AzureFileUploader\ClientApp\app\app.module.shared.js
D:\Freelance\Peter\azureuploadfiles\AzureFileUploader\ClientApp\app\app.module.shared.js.map
D:\Freelance\Peter\azureuploadfiles\AzureFileUploader\ClientApp\app\app.module.browser.js
D:\Freelance\Peter\azureuploadfiles\AzureFileUploader\ClientApp\app\app.module.browser.js.map
D:\Freelance\Peter\azureuploadfiles\AzureFileUploader\ClientApp\boot.browser.js
D:\Freelance\Peter\azureuploadfiles\AzureFileUploader\ClientApp\boot.browser.js.map
D:\Freelance\Peter\azureuploadfiles\AzureFileUploader\ClientApp\app\app.module.server.js
D:\Freelance\Peter\azureuploadfiles\AzureFileUploader\ClientApp\app\app.module.server.js.map
D:\Freelance\Peter\azureuploadfiles\AzureFileUploader\ClientApp\boot.server.js
D:\Freelance\Peter\azureuploadfiles\AzureFileUploader\ClientApp\boot.server.js.map
D:\Freelance\Peter\azureuploadfiles\AzureFileUploader\ClientApp\test\boot-tests.js
D:\Freelance\Peter\azureuploadfiles\AzureFileUploader\ClientApp\test\boot-tests.js.map
D:\Freelance\Peter\azureuploadfiles\AzureFileUploader\ClientApp\app\components\app\app.component.js
D:\Freelance\Peter\azureuploadfiles\AzureFileUploader\ClientApp\app\components\app\app.component.js.map
D:\Freelance\Peter\azureuploadfiles\AzureFileUploader\ClientApp\app\app.module.shared.js
D:\Freelance\Peter\azureuploadfiles\AzureFileUploader\ClientApp\app\app.module.shared.js.map
D:\Freelance\Peter\azureuploadfiles\AzureFileUploader\ClientApp\app\app.module.browser.js
D:\Freelance\Peter\azureuploadfiles\AzureFileUploader\ClientApp\app\app.module.browser.js.map
D:\Freelance\Peter\azureuploadfiles\AzureFileUploader\ClientApp\boot.browser.js
D:\Freelance\Peter\azureuploadfiles\AzureFileUploader\ClientApp\boot.browser.js.map
D:\Freelance\Peter\azureuploadfiles\AzureFileUploader\ClientApp\app\app.module.server.js
D:\Freelance\Peter\azureuploadfiles\AzureFileUploader\ClientApp\app\app.module.server.js.map
D:\Freelance\Peter\azureuploadfiles\AzureFileUploader\ClientApp\boot.server.js
D:\Freelance\Peter\azureuploadfiles\AzureFileUploader\ClientApp\boot.server.js.map
D:\Freelance\Peter\azureuploadfiles\AzureFileUploader\ClientApp\test\boot-tests.js
D:\Freelance\Peter\azureuploadfiles\AzureFileUploader\ClientApp\test\boot-tests.js.map
D:\Freelance\Peter\azureuploadfiles\AzureFileUploader\ClientApp\app\components\app\app.component.js
D:\Freelance\Peter\azureuploadfiles\AzureFileUploader\ClientApp\app\components\app\app.component.js.map
D:\Freelance\Peter\azureuploadfiles\AzureFileUploader\ClientApp\app\app.module.shared.js
D:\Freelance\Peter\azureuploadfiles\AzureFileUploader\ClientApp\app\app.module.shared.js.map
D:\Freelance\Peter\azureuploadfiles\AzureFileUploader\ClientApp\app\app.module.browser.js
D:\Freelance\Peter\azureuploadfiles\AzureFileUploader\ClientApp\app\app.module.browser.js.map
D:\Freelance\Peter\azureuploadfiles\AzureFileUploader\ClientApp\boot.browser.js
D:\Freelance\Peter\azureuploadfiles\AzureFileUploader\ClientApp\boot.browser.js.map
D:\Freelance\Peter\azureuploadfiles\AzureFileUploader\ClientApp\app\app.module.server.js
D:\Freelance\Peter\azureuploadfiles\AzureFileUploader\ClientApp\app\app.module.server.js.map
D:\Freelance\Peter\azureuploadfiles\AzureFileUploader\ClientApp\boot.server.js
D:\Freelance\Peter\azureuploadfiles\AzureFileUploader\ClientApp\boot.server.js.map
D:\Freelance\Peter\azureuploadfiles\AzureFileUploader\ClientApp\test\boot-tests.js
D:\Freelance\Peter\azureuploadfiles\AzureFileUploader\ClientApp\test\boot-tests.js.map
D:\Freelance\Peter\azureuploadfiles\AzureFileUploader\ClientApp\app\components\app\app.component.js
D:\Freelance\Peter\azureuploadfiles\AzureFileUploader\ClientApp\app\components\app\app.component.js.map
D:\Freelance\Peter\azureuploadfiles\AzureFileUploader\ClientApp\app\app.module.shared.js
D:\Freelance\Peter\azureuploadfiles\AzureFileUploader\ClientApp\app\app.module.shared.js.map
D:\Freelance\Peter\azureuploadfiles\AzureFileUploader\ClientApp\app\app.module.browser.js
D:\Freelance\Peter\azureuploadfiles\AzureFileUploader\ClientApp\app\app.module.browser.js.map
D:\Freelance\Peter\azureuploadfiles\AzureFileUploader\ClientApp\boot.browser.js
D:\Freelance\Peter\azureuploadfiles\AzureFileUploader\ClientApp\boot.browser.js.map
D:\Freelance\Peter\azureuploadfiles\AzureFileUploader\ClientApp\app\app.module.server.js
D:\Freelance\Peter\azureuploadfiles\AzureFileUploader\ClientApp\app\app.module.server.js.map
D:\Freelance\Peter\azureuploadfiles\AzureFileUploader\ClientApp\boot.server.js
D:\Freelance\Peter\azureuploadfiles\AzureFileUploader\ClientApp\boot.server.js.map
D:\Freelance\Peter\azureuploadfiles\AzureFileUploader\ClientApp\test\boot-tests.js
D:\Freelance\Peter\azureuploadfiles\AzureFileUploader\ClientApp\test\boot-tests.js.map
D:\Freelance\Peter\azureuploadfiles\AzureFileUploader\ClientApp\app\components\app\app.component.js
D:\Freelance\Peter\azureuploadfiles\AzureFileUploader\ClientApp\app\components\app\app.component.js.map
D:\Freelance\Peter\azureuploadfiles\AzureFileUploader\ClientApp\app\app.module.shared.js
D:\Freelance\Peter\azureuploadfiles\AzureFileUploader\ClientApp\app\app.module.shared.js.map
D:\Freelance\Peter\azureuploadfiles\AzureFileUploader\ClientApp\app\app.module.browser.js
D:\Freelance\Peter\azureuploadfiles\AzureFileUploader\ClientApp\app\app.module.browser.js.map
D:\Freelance\Peter\azureuploadfiles\AzureFileUploader\ClientApp\boot.browser.js
D:\Freelance\Peter\azureuploadfiles\AzureFileUploader\ClientApp\boot.browser.js.map
D:\Freelance\Peter\azureuploadfiles\AzureFileUploader\ClientApp\app\app.module.server.js
D:\Freelance\Peter\azureuploadfiles\AzureFileUploader\ClientApp\app\app.module.server.js.map
D:\Freelance\Peter\azureuploadfiles\AzureFileUploader\ClientApp\boot.server.js
D:\Freelance\Peter\azureuploadfiles\AzureFileUploader\ClientApp\boot.server.js.map
D:\Freelance\Peter\azureuploadfiles\AzureFileUploader\ClientApp\test\boot-tests.js
D:\Freelance\Peter\azureuploadfiles\AzureFileUploader\ClientApp\test\boot-tests.js.map
D:\Freelance\Peter\azureuploadfiles\AzureFileUploader\ClientApp\app\components\app\app.component.js
D:\Freelance\Peter\azureuploadfiles\AzureFileUploader\ClientApp\app\components\app\app.component.js.map
D:\Freelance\Peter\azureuploadfiles\AzureFileUploader\ClientApp\app\app.module.shared.js
D:\Freelance\Peter\azureuploadfiles\AzureFileUploader\ClientApp\app\app.module.shared.js.map
D:\Freelance\Peter\azureuploadfiles\AzureFileUploader\ClientApp\app\app.module.browser.js
D:\Freelance\Peter\azureuploadfiles\AzureFileUploader\ClientApp\app\app.module.browser.js.map
D:\Freelance\Peter\azureuploadfiles\AzureFileUploader\ClientApp\boot.browser.js
D:\Freelance\Peter\azureuploadfiles\AzureFileUploader\ClientApp\boot.browser.js.map
D:\Freelance\Peter\azureuploadfiles\AzureFileUploader\ClientApp\app\app.module.server.js
D:\Freelance\Peter\azureuploadfiles\AzureFileUploader\ClientApp\app\app.module.server.js.map
D:\Freelance\Peter\azureuploadfiles\AzureFileUploader\ClientApp\boot.server.js
D:\Freelance\Peter\azureuploadfiles\AzureFileUploader\ClientApp\boot.server.js.map
D:\Freelance\Peter\azureuploadfiles\AzureFileUploader\ClientApp\test\boot-tests.js
D:\Freelance\Peter\azureuploadfiles\AzureFileUploader\ClientApp\test\boot-tests.js.map
D:\Freelance\Peter\azureuploadfiles\AzureFileUploader\ClientApp\app\components\app\app.component.js
D:\Freelance\Peter\azureuploadfiles\AzureFileUploader\ClientApp\app\components\app\app.component.js.map
D:\Freelance\Peter\azureuploadfiles\AzureFileUploader\ClientApp\app\app.module.shared.js
D:\Freelance\Peter\azureuploadfiles\AzureFileUploader\ClientApp\app\app.module.shared.js.map
D:\Freelance\Peter\azureuploadfiles\AzureFileUploader\ClientApp\app\app.module.browser.js
D:\Freelance\Peter\azureuploadfiles\AzureFileUploader\ClientApp\app\app.module.browser.js.map
D:\Freelance\Peter\azureuploadfiles\AzureFileUploader\ClientApp\boot.browser.js
D:\Freelance\Peter\azureuploadfiles\AzureFileUploader\ClientApp\boot.browser.js.map
D:\Freelance\Peter\azureuploadfiles\AzureFileUploader\ClientApp\app\app.module.server.js
D:\Freelance\Peter\azureuploadfiles\AzureFileUploader\ClientApp\app\app.module.server.js.map
D:\Freelance\Peter\azureuploadfiles\AzureFileUploader\ClientApp\boot.server.js
D:\Freelance\Peter\azureuploadfiles\AzureFileUploader\ClientApp\boot.server.js.map
D:\Freelance\Peter\azureuploadfiles\AzureFileUploader\ClientApp\test\boot-tests.js
D:\Freelance\Peter\azureuploadfiles\AzureFileUploader\ClientApp\test\boot-tests.js.map
D:\Freelance\Peter\azureuploadfiles\AzureFileUploader\ClientApp\app\components\app\app.component.js
D:\Freelance\Peter\azureuploadfiles\AzureFileUploader\ClientApp\app\components\app\app.component.js.map
D:\Freelance\Peter\azureuploadfiles\AzureFileUploader\ClientApp\app\app.module.shared.js
D:\Freelance\Peter\azureuploadfiles\AzureFileUploader\ClientApp\app\app.module.shared.js.map
D:\Freelance\Peter\azureuploadfiles\AzureFileUploader\ClientApp\app\app.module.browser.js
D:\Freelance\Peter\azureuploadfiles\AzureFileUploader\ClientApp\app\app.module.browser.js.map
D:\Freelance\Peter\azureuploadfiles\AzureFileUploader\ClientApp\boot.browser.js
D:\Freelance\Peter\azureuploadfiles\AzureFileUploader\ClientApp\boot.browser.js.map
D:\Freelance\Peter\azureuploadfiles\AzureFileUploader\ClientApp\app\app.module.server.js
D:\Freelance\Peter\azureuploadfiles\AzureFileUploader\ClientApp\app\app.module.server.js.map
D:\Freelance\Peter\azureuploadfiles\AzureFileUploader\ClientApp\boot.server.js
D:\Freelance\Peter\azureuploadfiles\AzureFileUploader\ClientApp\boot.server.js.map
D:\Freelance\Peter\azureuploadfiles\AzureFileUploader\ClientApp\test\boot-tests.js
D:\Freelance\Peter\azureuploadfiles\AzureFileUploader\ClientApp\test\boot-tests.js.map
D:\Freelance\Peter\azureuploadfiles\AzureFileUploader\ClientApp\app\components\app\app.component.js
D:\Freelance\Peter\azureuploadfiles\AzureFileUploader\ClientApp\app\components\app\app.component.js.map
D:\Freelance\Peter\azureuploadfiles\AzureFileUploader\ClientApp\app\app.module.shared.js
D:\Freelance\Peter\azureuploadfiles\AzureFileUploader\ClientApp\app\app.module.shared.js.map
D:\Freelance\Peter\azureuploadfiles\AzureFileUploader\ClientApp\app\app.module.browser.js
D:\Freelance\Peter\azureuploadfiles\AzureFileUploader\ClientApp\app\app.module.browser.js.map
D:\Freelance\Peter\azureuploadfiles\AzureFileUploader\ClientApp\boot.browser.js
D:\Freelance\Peter\azureuploadfiles\AzureFileUploader\ClientApp\boot.browser.js.map
D:\Freelance\Peter\azureuploadfiles\AzureFileUploader\ClientApp\app\app.module.server.js
D:\Freelance\Peter\azureuploadfiles\AzureFileUploader\ClientApp\app\app.module.server.js.map
D:\Freelance\Peter\azureuploadfiles\AzureFileUploader\ClientApp\boot.server.js
D:\Freelance\Peter\azureuploadfiles\AzureFileUploader\ClientApp\boot.server.js.map
D:\Freelance\Peter\azureuploadfiles\AzureFileUploader\ClientApp\test\boot-tests.js
D:\Freelance\Peter\azureuploadfiles\AzureFileUploader\ClientApp\test\boot-tests.js.map
D:\Freelance\Peter\azureuploadfiles\AzureFileUploader\ClientApp\app\components\app\app.component.js
D:\Freelance\Peter\azureuploadfiles\AzureFileUploader\ClientApp\app\components\app\app.component.js.map
D:\Freelance\Peter\azureuploadfiles\AzureFileUploader\ClientApp\app\app.module.shared.js
D:\Freelance\Peter\azureuploadfiles\AzureFileUploader\ClientApp\app\app.module.shared.js.map
D:\Freelance\Peter\azureuploadfiles\AzureFileUploader\ClientApp\app\app.module.browser.js
D:\Freelance\Peter\azureuploadfiles\AzureFileUploader\ClientApp\app\app.module.browser.js.map
D:\Freelance\Peter\azureuploadfiles\AzureFileUploader\ClientApp\boot.browser.js
D:\Freelance\Peter\azureuploadfiles\AzureFileUploader\ClientApp\boot.browser.js.map
D:\Freelance\Peter\azureuploadfiles\AzureFileUploader\ClientApp\app\app.module.server.js
D:\Freelance\Peter\azureuploadfiles\AzureFileUploader\ClientApp\app\app.module.server.js.map
D:\Freelance\Peter\azureuploadfiles\AzureFileUploader\ClientApp\boot.server.js
D:\Freelance\Peter\azureuploadfiles\AzureFileUploader\ClientApp\boot.server.js.map
D:\Freelance\Peter\azureuploadfiles\AzureFileUploader\ClientApp\test\boot-tests.js
D:\Freelance\Peter\azureuploadfiles\AzureFileUploader\ClientApp\test\boot-tests.js.map
D:\Freelance\Peter\azureuploadfiles\AzureFileUploader\ClientApp\app\components\app\app.component.js
D:\Freelance\Peter\azureuploadfiles\AzureFileUploader\ClientApp\app\components\app\app.component.js.map
D:\Freelance\Peter\azureuploadfiles\AzureFileUploader\ClientApp\app\app.module.shared.js
D:\Freelance\Peter\azureuploadfiles\AzureFileUploader\ClientApp\app\app.module.shared.js.map
D:\Freelance\Peter\azureuploadfiles\AzureFileUploader\ClientApp\app\app.module.browser.js
D:\Freelance\Peter\azureuploadfiles\AzureFileUploader\ClientApp\app\app.module.browser.js.map
D:\Freelance\Peter\azureuploadfiles\AzureFileUploader\ClientApp\boot.browser.js
D:\Freelance\Peter\azureuploadfiles\AzureFileUploader\ClientApp\boot.browser.js.map
D:\Freelance\Peter\azureuploadfiles\AzureFileUploader\ClientApp\app\app.module.server.js
D:\Freelance\Peter\azureuploadfiles\AzureFileUploader\ClientApp\app\app.module.server.js.map
D:\Freelance\Peter\azureuploadfiles\AzureFileUploader\ClientApp\boot.server.js
D:\Freelance\Peter\azureuploadfiles\AzureFileUploader\ClientApp\boot.server.js.map
D:\Freelance\Peter\azureuploadfiles\AzureFileUploader\ClientApp\test\boot-tests.js
D:\Freelance\Peter\azureuploadfiles\AzureFileUploader\ClientApp\test\boot-tests.js.map
D:\Freelance\Peter\azureuploadfiles\AzureFileUploader\ClientApp\app\components\app\app.component.js
D:\Freelance\Peter\azureuploadfiles\AzureFileUploader\ClientApp\app\components\app\app.component.js.map
D:\Freelance\Peter\azureuploadfiles\AzureFileUploader\ClientApp\app\app.module.shared.js
D:\Freelance\Peter\azureuploadfiles\AzureFileUploader\ClientApp\app\app.module.shared.js.map
D:\Freelance\Peter\azureuploadfiles\AzureFileUploader\ClientApp\app\app.module.browser.js
D:\Freelance\Peter\azureuploadfiles\AzureFileUploader\ClientApp\app\app.module.browser.js.map
D:\Freelance\Peter\azureuploadfiles\AzureFileUploader\ClientApp\boot.browser.js
D:\Freelance\Peter\azureuploadfiles\AzureFileUploader\ClientApp\boot.browser.js.map
D:\Freelance\Peter\azureuploadfiles\AzureFileUploader\ClientApp\app\app.module.server.js
D:\Freelance\Peter\azureuploadfiles\AzureFileUploader\ClientApp\app\app.module.server.js.map
D:\Freelance\Peter\azureuploadfiles\AzureFileUploader\ClientApp\boot.server.js
D:\Freelance\Peter\azureuploadfiles\AzureFileUploader\ClientApp\boot.server.js.map
D:\Freelance\Peter\azureuploadfiles\AzureFileUploader\ClientApp\test\boot-tests.js
D:\Freelance\Peter\azureuploadfiles\AzureFileUploader\ClientApp\test\boot-tests.js.map
D:\Freelance\Peter\azureuploadfiles\AzureFileUploader\ClientApp\app\components\app\app.component.js
D:\Freelance\Peter\azureuploadfiles\AzureFileUploader\ClientApp\app\components\app\app.component.js.map
D:\Freelance\Peter\azureuploadfiles\AzureFileUploader\ClientApp\app\app.module.shared.js
D:\Freelance\Peter\azureuploadfiles\AzureFileUploader\ClientApp\app\app.module.shared.js.map
D:\Freelance\Peter\azureuploadfiles\AzureFileUploader\ClientApp\app\app.module.browser.js
D:\Freelance\Peter\azureuploadfiles\AzureFileUploader\ClientApp\app\app.module.browser.js.map
D:\Freelance\Peter\azureuploadfiles\AzureFileUploader\ClientApp\boot.browser.js
D:\Freelance\Peter\azureuploadfiles\AzureFileUploader\ClientApp\boot.browser.js.map
D:\Freelance\Peter\azureuploadfiles\AzureFileUploader\ClientApp\app\app.module.server.js
D:\Freelance\Peter\azureuploadfiles\AzureFileUploader\ClientApp\app\app.module.server.js.map
D:\Freelance\Peter\azureuploadfiles\AzureFileUploader\ClientApp\boot.server.js
D:\Freelance\Peter\azureuploadfiles\AzureFileUploader\ClientApp\boot.server.js.map
D:\Freelance\Peter\azureuploadfiles\AzureFileUploader\ClientApp\test\boot-tests.js
D:\Freelance\Peter\azureuploadfiles\AzureFileUploader\ClientApp\test\boot-tests.js.map
D:\Freelance\Peter\azureuploadfiles\AzureFileUploader\ClientApp\app\components\app\app.component.js
D:\Freelance\Peter\azureuploadfiles\AzureFileUploader\ClientApp\app\components\app\app.component.js.map
D:\Freelance\Peter\azureuploadfiles\AzureFileUploader\ClientApp\app\app.module.shared.js
D:\Freelance\Peter\azureuploadfiles\AzureFileUploader\ClientApp\app\app.module.shared.js.map
D:\Freelance\Peter\azureuploadfiles\AzureFileUploader\ClientApp\app\app.module.browser.js
D:\Freelance\Peter\azureuploadfiles\AzureFileUploader\ClientApp\app\app.module.browser.js.map
D:\Freelance\Peter\azureuploadfiles\AzureFileUploader\ClientApp\boot.browser.js
D:\Freelance\Peter\azureuploadfiles\AzureFileUploader\ClientApp\boot.browser.js.map
D:\Freelance\Peter\azureuploadfiles\AzureFileUploader\ClientApp\app\app.module.server.js
D:\Freelance\Peter\azureuploadfiles\AzureFileUploader\ClientApp\app\app.module.server.js.map
D:\Freelance\Peter\azureuploadfiles\AzureFileUploader\ClientApp\boot.server.js
D:\Freelance\Peter\azureuploadfiles\AzureFileUploader\ClientApp\boot.server.js.map
D:\Freelance\Peter\azureuploadfiles\AzureFileUploader\ClientApp\test\boot-tests.js
D:\Freelance\Peter\azureuploadfiles\AzureFileUploader\ClientApp\test\boot-tests.js.map
D:\Freelance\Peter\azureuploadfiles\AzureFileUploader\ClientApp\app\components\app\app.component.js
D:\Freelance\Peter\azureuploadfiles\AzureFileUploader\ClientApp\app\components\app\app.component.js.map
D:\Freelance\Peter\azureuploadfiles\AzureFileUploader\ClientApp\app\app.module.shared.js
D:\Freelance\Peter\azureuploadfiles\AzureFileUploader\ClientApp\app\app.module.shared.js.map
D:\Freelance\Peter\azureuploadfiles\AzureFileUploader\ClientApp\app\app.module.browser.js
D:\Freelance\Peter\azureuploadfiles\AzureFileUploader\ClientApp\app\app.module.browser.js.map
D:\Freelance\Peter\azureuploadfiles\AzureFileUploader\ClientApp\boot.browser.js
D:\Freelance\Peter\azureuploadfiles\AzureFileUploader\ClientApp\boot.browser.js.map
D:\Freelance\Peter\azureuploadfiles\AzureFileUploader\ClientApp\app\app.module.server.js
D:\Freelance\Peter\azureuploadfiles\AzureFileUploader\ClientApp\app\app.module.server.js.map
D:\Freelance\Peter\azureuploadfiles\AzureFileUploader\ClientApp\boot.server.js
D:\Freelance\Peter\azureuploadfiles\AzureFileUploader\ClientApp\boot.server.js.map
D:\Freelance\Peter\azureuploadfiles\AzureFileUploader\ClientApp\test\boot-tests.js
D:\Freelance\Peter\azureuploadfiles\AzureFileUploader\ClientApp\test\boot-tests.js.map
D:\Freelance\Peter\azureuploadfiles\AzureFileUploader\ClientApp\app\components\app\app.component.js
D:\Freelance\Peter\azureuploadfiles\AzureFileUploader\ClientApp\app\components\app\app.component.js.map
D:\Freelance\Peter\azureuploadfiles\AzureFileUploader\ClientApp\app\app.module.shared.js
D:\Freelance\Peter\azureuploadfiles\AzureFileUploader\ClientApp\app\app.module.shared.js.map
D:\Freelance\Peter\azureuploadfiles\AzureFileUploader\ClientApp\app\app.module.browser.js
D:\Freelance\Peter\azureuploadfiles\AzureFileUploader\ClientApp\app\app.module.browser.js.map
D:\Freelance\Peter\azureuploadfiles\AzureFileUploader\ClientApp\boot.browser.js
D:\Freelance\Peter\azureuploadfiles\AzureFileUploader\ClientApp\boot.browser.js.map
D:\Freelance\Peter\azureuploadfiles\AzureFileUploader\ClientApp\app\app.module.server.js
D:\Freelance\Peter\azureuploadfiles\AzureFileUploader\ClientApp\app\app.module.server.js.map
D:\Freelance\Peter\azureuploadfiles\AzureFileUploader\ClientApp\boot.server.js
D:\Freelance\Peter\azureuploadfiles\AzureFileUploader\ClientApp\boot.server.js.map
D:\Freelance\Peter\azureuploadfiles\AzureFileUploader\ClientApp\test\boot-tests.js
D:\Freelance\Peter\azureuploadfiles\AzureFileUploader\ClientApp\test\boot-tests.js.map
D:\Freelance\Peter\azureuploadfiles\AzureFileUploader\ClientApp\app\components\app\app.component.js
D:\Freelance\Peter\azureuploadfiles\AzureFileUploader\ClientApp\app\components\app\app.component.js.map
D:\Freelance\Peter\azureuploadfiles\AzureFileUploader\ClientApp\app\app.module.shared.js
D:\Freelance\Peter\azureuploadfiles\AzureFileUploader\ClientApp\app\app.module.shared.js.map
D:\Freelance\Peter\azureuploadfiles\AzureFileUploader\ClientApp\app\app.module.browser.js
D:\Freelance\Peter\azureuploadfiles\AzureFileUploader\ClientApp\app\app.module.browser.js.map
D:\Freelance\Peter\azureuploadfiles\AzureFileUploader\ClientApp\boot.browser.js
D:\Freelance\Peter\azureuploadfiles\AzureFileUploader\ClientApp\boot.browser.js.map
D:\Freelance\Peter\azureuploadfiles\AzureFileUploader\ClientApp\app\app.module.server.js
D:\Freelance\Peter\azureuploadfiles\AzureFileUploader\ClientApp\app\app.module.server.js.map
D:\Freelance\Peter\azureuploadfiles\AzureFileUploader\ClientApp\boot.server.js
D:\Freelance\Peter\azureuploadfiles\AzureFileUploader\ClientApp\boot.server.js.map
D:\Freelance\Peter\azureuploadfiles\AzureFileUploader\ClientApp\test\boot-tests.js
D:\Freelance\Peter\azureuploadfiles\AzureFileUploader\ClientApp\test\boot-tests.js.map
D:\Freelance\Peter\azureuploadfiles\AzureFileUploader\ClientApp\app\components\app\app.component.js
D:\Freelance\Peter\azureuploadfiles\AzureFileUploader\ClientApp\app\components\app\app.component.js.map
D:\Freelance\Peter\azureuploadfiles\AzureFileUploader\ClientApp\app\app.module.shared.js
D:\Freelance\Peter\azureuploadfiles\AzureFileUploader\ClientApp\app\app.module.shared.js.map
D:\Freelance\Peter\azureuploadfiles\AzureFileUploader\ClientApp\app\app.module.browser.js
D:\Freelance\Peter\azureuploadfiles\AzureFileUploader\ClientApp\app\app.module.browser.js.map
D:\Freelance\Peter\azureuploadfiles\AzureFileUploader\ClientApp\boot.browser.js
D:\Freelance\Peter\azureuploadfiles\AzureFileUploader\ClientApp\boot.browser.js.map
D:\Freelance\Peter\azureuploadfiles\AzureFileUploader\ClientApp\app\app.module.server.js
D:\Freelance\Peter\azureuploadfiles\AzureFileUploader\ClientApp\app\app.module.server.js.map
D:\Freelance\Peter\azureuploadfiles\AzureFileUploader\ClientApp\boot.server.js
D:\Freelance\Peter\azureuploadfiles\AzureFileUploader\ClientApp\boot.server.js.map
D:\Freelance\Peter\azureuploadfiles\AzureFileUploader\ClientApp\test\boot-tests.js
D:\Freelance\Peter\azureuploadfiles\AzureFileUploader\ClientApp\test\boot-tests.js.map
D:\Freelance\Peter\azureuploadfiles\AzureFileUploader\ClientApp\app\components\app\app.component.js
D:\Freelance\Peter\azureuploadfiles\AzureFileUploader\ClientApp\app\components\app\app.component.js.map
D:\Freelance\Peter\azureuploadfiles\AzureFileUploader\ClientApp\app\app.module.shared.js
D:\Freelance\Peter\azureuploadfiles\AzureFileUploader\ClientApp\app\app.module.shared.js.map
D:\Freelance\Peter\azureuploadfiles\AzureFileUploader\ClientApp\app\app.module.browser.js
D:\Freelance\Peter\azureuploadfiles\AzureFileUploader\ClientApp\app\app.module.browser.js.map
D:\Freelance\Peter\azureuploadfiles\AzureFileUploader\ClientApp\boot.browser.js
D:\Freelance\Peter\azureuploadfiles\AzureFileUploader\ClientApp\boot.browser.js.map
D:\Freelance\Peter\azureuploadfiles\AzureFileUploader\ClientApp\app\app.module.server.js
D:\Freelance\Peter\azureuploadfiles\AzureFileUploader\ClientApp\app\app.module.server.js.map
D:\Freelance\Peter\azureuploadfiles\AzureFileUploader\ClientApp\boot.server.js
D:\Freelance\Peter\azureuploadfiles\AzureFileUploader\ClientApp\boot.server.js.map
D:\Freelance\Peter\azureuploadfiles\AzureFileUploader\ClientApp\test\boot-tests.js
D:\Freelance\Peter\azureuploadfiles\AzureFileUploader\ClientApp\test\boot-tests.js.map
D:\Freelance\Peter\azureuploadfiles\AzureFileUploader\ClientApp\app\components\app\app.component.js
D:\Freelance\Peter\azureuploadfiles\AzureFileUploader\ClientApp\app\components\app\app.component.js.map
D:\Freelance\Peter\azureuploadfiles\AzureFileUploader\ClientApp\app\app.module.shared.js
D:\Freelance\Peter\azureuploadfiles\AzureFileUploader\ClientApp\app\app.module.shared.js.map
D:\Freelance\Peter\azureuploadfiles\AzureFileUploader\ClientApp\app\app.module.browser.js
D:\Freelance\Peter\azureuploadfiles\AzureFileUploader\ClientApp\app\app.module.browser.js.map
D:\Freelance\Peter\azureuploadfiles\AzureFileUploader\ClientApp\boot.browser.js
D:\Freelance\Peter\azureuploadfiles\AzureFileUploader\ClientApp\boot.browser.js.map
D:\Freelance\Peter\azureuploadfiles\AzureFileUploader\ClientApp\app\app.module.server.js
D:\Freelance\Peter\azureuploadfiles\AzureFileUploader\ClientApp\app\app.module.server.js.map
D:\Freelance\Peter\azureuploadfiles\AzureFileUploader\ClientApp\boot.server.js
D:\Freelance\Peter\azureuploadfiles\AzureFileUploader\ClientApp\boot.server.js.map
D:\Freelance\Peter\azureuploadfiles\AzureFileUploader\ClientApp\test\boot-tests.js
D:\Freelance\Peter\azureuploadfiles\AzureFileUploader\ClientApp\test\boot-tests.js.map
D:\Freelance\Peter\azureuploadfiles\AzureFileUploader\ClientApp\app\components\app\app.component.js
D:\Freelance\Peter\azureuploadfiles\AzureFileUploader\ClientApp\app\components\app\app.component.js.map
D:\Freelance\Peter\azureuploadfiles\AzureFileUploader\ClientApp\app\app.module.shared.js
D:\Freelance\Peter\azureuploadfiles\AzureFileUploader\ClientApp\app\app.module.shared.js.map
D:\Freelance\Peter\azureuploadfiles\AzureFileUploader\ClientApp\app\app.module.browser.js
D:\Freelance\Peter\azureuploadfiles\AzureFileUploader\ClientApp\app\app.module.browser.js.map
D:\Freelance\Peter\azureuploadfiles\AzureFileUploader\ClientApp\boot.browser.js
D:\Freelance\Peter\azureuploadfiles\AzureFileUploader\ClientApp\boot.browser.js.map
D:\Freelance\Peter\azureuploadfiles\AzureFileUploader\ClientApp\app\app.module.server.js
D:\Freelance\Peter\azureuploadfiles\AzureFileUploader\ClientApp\app\app.module.server.js.map
D:\Freelance\Peter\azureuploadfiles\AzureFileUploader\ClientApp\boot.server.js
D:\Freelance\Peter\azureuploadfiles\AzureFileUploader\ClientApp\boot.server.js.map
D:\Freelance\Peter\azureuploadfiles\AzureFileUploader\ClientApp\test\boot-tests.js
D:\Freelance\Peter\azureuploadfiles\AzureFileUploader\ClientApp\test\boot-tests.js.map
